CRITICAL - 2021-02-17 03:55:47 --> Undefined index: date_uploader
#0 /var/www/html/PKL/app/Views/compro/news.php(22): CodeIgniter\Debug\Exceptions->errorHandler(8, 'Undefined index...', '/var/www/html/P...', 22, Array)
#1 /var/www/html/PKL/system/View/View.php(220): include('/var/www/html/P...')
#2 /var/www/html/PKL/system/View/View.php(222): CodeIgniter\View\View->CodeIgniter\View\{closure}()
#3 /var/www/html/PKL/system/Common.php(1217): CodeIgniter\View\View->render('compro/news', Array, true)
#4 /var/www/html/PKL/app/Controllers/Admin.php(107): view('compro/news', Array)
#5 /var/www/html/PKL/system/CodeIgniter.php(936): App\Controllers\Admin->news()
#6 /var/www/html/PKL/system/CodeIgniter.php(432): CodeIgniter\CodeIgniter->runController(Object(App\Controllers\Admin))
#7 /var/www/html/PKL/system/CodeIgniter.php(333): CodeIgniter\CodeIgniter->handleRequest(NULL, Object(Config\Cache), false)
#8 /var/www/html/PKL/public/index.php(44): CodeIgniter\CodeIgniter->run()
#9 /var/www/html/PKL/system/Commands/Server/rewrite.php(45): require_once('/var/www/html/P...')
#10 {main}
CRITICAL - 2021-02-17 04:00:05 --> Undefined variable: p
#0 /var/www/html/PKL/app/Views/compro/news.php(28): CodeIgniter\Debug\Exceptions->errorHandler(8, 'Undefined varia...', '/var/www/html/P...', 28, Array)
#1 /var/www/html/PKL/system/View/View.php(220): include('/var/www/html/P...')
#2 /var/www/html/PKL/system/View/View.php(222): CodeIgniter\View\View->CodeIgniter\View\{closure}()
#3 /var/www/html/PKL/system/Common.php(1217): CodeIgniter\View\View->render('compro/news', Array, true)
#4 /var/www/html/PKL/app/Controllers/Admin.php(107): view('compro/news', Array)
#5 /var/www/html/PKL/system/CodeIgniter.php(936): App\Controllers\Admin->news()
#6 /var/www/html/PKL/system/CodeIgniter.php(432): CodeIgniter\CodeIgniter->runController(Object(App\Controllers\Admin))
#7 /var/www/html/PKL/system/CodeIgniter.php(333): CodeIgniter\CodeIgniter->handleRequest(NULL, Object(Config\Cache), false)
#8 /var/www/html/PKL/public/index.php(44): CodeIgniter\CodeIgniter->run()
#9 /var/www/html/PKL/system/Commands/Server/rewrite.php(45): require_once('/var/www/html/P...')
#10 {main}
CRITICAL - 2021-02-17 04:00:30 --> Undefined property: App\Controllers\News::$portofolioModel
#0 /var/www/html/PKL/app/Controllers/News.php(64): CodeIgniter\Debug\Exceptions->errorHandler(8, 'Undefined prope...', '/var/www/html/P...', 64, Array)
#1 /var/www/html/PKL/system/CodeIgniter.php(936): App\Controllers\News->edit('1')
#2 /var/www/html/PKL/system/CodeIgniter.php(432): CodeIgniter\CodeIgniter->runController(Object(App\Controllers\News))
#3 /var/www/html/PKL/system/CodeIgniter.php(333): CodeIgniter\CodeIgniter->handleRequest(NULL, Object(Config\Cache), false)
#4 /var/www/html/PKL/public/index.php(44): CodeIgniter\CodeIgniter->run()
#5 /var/www/html/PKL/system/Commands/Server/rewrite.php(45): require_once('/var/www/html/P...')
#6 {main}
CRITICAL - 2021-02-17 04:00:35 --> Undefined property: App\Controllers\News::$portofolioModel
#0 /var/www/html/PKL/app/Controllers/News.php(64): CodeIgniter\Debug\Exceptions->errorHandler(8, 'Undefined prope...', '/var/www/html/P...', 64, Array)
#1 /var/www/html/PKL/system/CodeIgniter.php(936): App\Controllers\News->edit('1')
#2 /var/www/html/PKL/system/CodeIgniter.php(432): CodeIgniter\CodeIgniter->runController(Object(App\Controllers\News))
#3 /var/www/html/PKL/system/CodeIgniter.php(333): CodeIgniter\CodeIgniter->handleRequest(NULL, Object(Config\Cache), false)
#4 /var/www/html/PKL/public/index.php(44): CodeIgniter\CodeIgniter->run()
#5 /var/www/html/PKL/system/Commands/Server/rewrite.php(45): require_once('/var/www/html/P...')
#6 {main}
CRITICAL - 2021-02-17 04:03:06 --> Undefined variable: v
#0 /var/www/html/PKL/app/Views/compro/news.php(29): CodeIgniter\Debug\Exceptions->errorHandler(8, 'Undefined varia...', '/var/www/html/P...', 29, Array)
#1 /var/www/html/PKL/system/View/View.php(220): include('/var/www/html/P...')
#2 /var/www/html/PKL/system/View/View.php(222): CodeIgniter\View\View->CodeIgniter\View\{closure}()
#3 /var/www/html/PKL/system/Common.php(1217): CodeIgniter\View\View->render('compro/news', Array, true)
#4 /var/www/html/PKL/app/Controllers/Admin.php(107): view('compro/news', Array)
#5 /var/www/html/PKL/system/CodeIgniter.php(936): App\Controllers\Admin->news()
#6 /var/www/html/PKL/system/CodeIgniter.php(432): CodeIgniter\CodeIgniter->runController(Object(App\Controllers\Admin))
#7 /var/www/html/PKL/system/CodeIgniter.php(333): CodeIgniter\CodeIgniter->handleRequest(NULL, Object(Config\Cache), false)
#8 /var/www/html/PKL/public/index.php(44): CodeIgniter\CodeIgniter->run()
#9 /var/www/html/PKL/system/Commands/Server/rewrite.php(45): require_once('/var/www/html/P...')
#10 {main}
CRITICAL - 2021-02-17 04:04:19 --> Undefined property: App\Controllers\News::$portofolioModel
#0 /var/www/html/PKL/app/Controllers/News.php(64): CodeIgniter\Debug\Exceptions->errorHandler(8, 'Undefined prope...', '/var/www/html/P...', 64, Array)
#1 /var/www/html/PKL/system/CodeIgniter.php(936): App\Controllers\News->edit('1')
#2 /var/www/html/PKL/system/CodeIgniter.php(432): CodeIgniter\CodeIgniter->runController(Object(App\Controllers\News))
#3 /var/www/html/PKL/system/CodeIgniter.php(333): CodeIgniter\CodeIgniter->handleRequest(NULL, Object(Config\Cache), false)
#4 /var/www/html/PKL/public/index.php(44): CodeIgniter\CodeIgniter->run()
#5 /var/www/html/PKL/system/Commands/Server/rewrite.php(45): require_once('/var/www/html/P...')
#6 {main}
CRITICAL - 2021-02-17 04:26:20 --> Undefined variable: foto
#0 /var/www/html/PKL/app/Controllers/News.php(91): CodeIgniter\Debug\Exceptions->errorHandler(8, 'Undefined varia...', '/var/www/html/P...', 91, Array)
#1 /var/www/html/PKL/system/CodeIgniter.php(936): App\Controllers\News->update('1')
#2 /var/www/html/PKL/system/CodeIgniter.php(432): CodeIgniter\CodeIgniter->runController(Object(App\Controllers\News))
#3 /var/www/html/PKL/system/CodeIgniter.php(333): CodeIgniter\CodeIgniter->handleRequest(NULL, Object(Config\Cache), false)
#4 /var/www/html/PKL/public/index.php(44): CodeIgniter\CodeIgniter->run()
#5 /var/www/html/PKL/system/Commands/Server/rewrite.php(45): require_once('/var/www/html/P...')
#6 {main}
ERROR - 2021-02-17 21:48:43 --> mysqli_sql_exception: Table 'pkl.videos' doesn't exist in C:\xampp\htdocs\pt\system\Database\MySQLi\Connection.php:314
Stack trace:
#0 C:\xampp\htdocs\pt\system\Database\MySQLi\Connection.php(314): mysqli->query('SELECT *\nFROM `...')
#1 C:\xampp\htdocs\pt\system\Database\BaseConnection.php(713): CodeIgniter\Database\MySQLi\Connection->execute('SELECT *\nFROM `...')
#2 C:\xampp\htdocs\pt\system\Database\BaseConnection.php(641): CodeIgniter\Database\BaseConnection->simpleQuery('SELECT *\nFROM `...')
#3 C:\xampp\htdocs\pt\system\Database\BaseBuilder.php(1866): CodeIgniter\Database\BaseConnection->query('SELECT *\nFROM `...', Array, false)
#4 C:\xampp\htdocs\pt\app\Models\VideoModel.php(20): CodeIgniter\Database\BaseBuilder->get()
#5 C:\xampp\htdocs\pt\app\Controllers\Admin.php(70): App\Models\VideoModel->getVideos()
#6 C:\xampp\htdocs\pt\system\CodeIgniter.php(936): App\Controllers\Admin->videos()
#7 C:\xampp\htdocs\pt\system\CodeIgniter.php(432): CodeIgniter\CodeIgniter->runController(Object(App\Controllers\Admin))
#8 C:\xampp\htdocs\pt\system\CodeIgniter.php(333): CodeIgniter\CodeIgniter->handleRequest(NULL, Object(Config\Cache), false)
#9 C:\xampp\htdocs\pt\public\index.php(44): CodeIgniter\CodeIgniter->run()
#10 C:\xampp\htdocs\pt\system\Commands\Server\rewrite.php(45): require_once('C:\\xampp\\htdocs...')
#11 {main}
CRITICAL - 2021-02-17 21:48:43 --> Table 'pkl.videos' doesn't exist
#0 C:\xampp\htdocs\pt\system\Database\MySQLi\Connection.php(314): mysqli->query('SELECT *\nFROM `...')
#1 C:\xampp\htdocs\pt\system\Database\BaseConnection.php(713): CodeIgniter\Database\MySQLi\Connection->execute('SELECT *\nFROM `...')
#2 C:\xampp\htdocs\pt\system\Database\BaseConnection.php(641): CodeIgniter\Database\BaseConnection->simpleQuery('SELECT *\nFROM `...')
#3 C:\xampp\htdocs\pt\system\Database\BaseBuilder.php(1866): CodeIgniter\Database\BaseConnection->query('SELECT *\nFROM `...', Array, false)
#4 C:\xampp\htdocs\pt\app\Models\VideoModel.php(20): CodeIgniter\Database\BaseBuilder->get()
#5 C:\xampp\htdocs\pt\app\Controllers\Admin.php(70): App\Models\VideoModel->getVideos()
#6 C:\xampp\htdocs\pt\system\CodeIgniter.php(936): App\Controllers\Admin->videos()
#7 C:\xampp\htdocs\pt\system\CodeIgniter.php(432): CodeIgniter\CodeIgniter->runController(Object(App\Controllers\Admin))
#8 C:\xampp\htdocs\pt\system\CodeIgniter.php(333): CodeIgniter\CodeIgniter->handleRequest(NULL, Object(Config\Cache), false)
#9 C:\xampp\htdocs\pt\public\index.php(44): CodeIgniter\CodeIgniter->run()
#10 C:\xampp\htdocs\pt\system\Commands\Server\rewrite.php(45): require_once('C:\\xampp\\htdocs...')
#11 {main}
CRITICAL - 2021-02-17 21:55:51 --> A non well formed numeric value encountered
#0 [internal function]: CodeIgniter\Debug\Exceptions->errorHandler(8, 'A non well form...', 'C:\\xampp\\htdocs...', 45, Array)
#1 C:\xampp\htdocs\pt\app\Views\compro\videos.php(45): date('d F Y', '0000-00-00')
#2 C:\xampp\htdocs\pt\system\View\View.php(220): include('C:\\xampp\\htdocs...')
#3 C:\xampp\htdocs\pt\system\View\View.php(222): CodeIgniter\View\View->CodeIgniter\View\{closure}()
#4 C:\xampp\htdocs\pt\system\Common.php(1217): CodeIgniter\View\View->render('compro/videos', Array, true)
#5 C:\xampp\htdocs\pt\app\Controllers\Admin.php(77): view('compro/videos', Array)
#6 C:\xampp\htdocs\pt\system\CodeIgniter.php(936): App\Controllers\Admin->videos()
#7 C:\xampp\htdocs\pt\system\CodeIgniter.php(432): CodeIgniter\CodeIgniter->runController(Object(App\Controllers\Admin))
#8 C:\xampp\htdocs\pt\system\CodeIgniter.php(333): CodeIgniter\CodeIgniter->handleRequest(NULL, Object(Config\Cache), false)
#9 C:\xampp\htdocs\pt\public\index.php(44): CodeIgniter\CodeIgniter->run()
#10 C:\xampp\htdocs\pt\system\Commands\Server\rewrite.php(45): require_once('C:\\xampp\\htdocs...')
#11 {main}
CRITICAL - 2021-02-17 21:56:51 --> A non well formed numeric value encountered
#0 [internal function]: CodeIgniter\Debug\Exceptions->errorHandler(8, 'A non well form...', 'C:\\xampp\\htdocs...', 45, Array)
#1 C:\xampp\htdocs\pt\app\Views\compro\videos.php(45): date('d F Y', '0000-00-00')
#2 C:\xampp\htdocs\pt\system\View\View.php(220): include('C:\\xampp\\htdocs...')
#3 C:\xampp\htdocs\pt\system\View\View.php(222): CodeIgniter\View\View->CodeIgniter\View\{closure}()
#4 C:\xampp\htdocs\pt\system\Common.php(1217): CodeIgniter\View\View->render('compro/videos', Array, true)
#5 C:\xampp\htdocs\pt\app\Controllers\Admin.php(77): view('compro/videos', Array)
#6 C:\xampp\htdocs\pt\system\CodeIgniter.php(936): App\Controllers\Admin->videos()
#7 C:\xampp\htdocs\pt\system\CodeIgniter.php(432): CodeIgniter\CodeIgniter->runController(Object(App\Controllers\Admin))
#8 C:\xampp\htdocs\pt\system\CodeIgniter.php(333): CodeIgniter\CodeIgniter->handleRequest(NULL, Object(Config\Cache), false)
#9 C:\xampp\htdocs\pt\public\index.php(44): CodeIgniter\CodeIgniter->run()
#10 C:\xampp\htdocs\pt\system\Commands\Server\rewrite.php(45): require_once('C:\\xampp\\htdocs...')
#11 {main}
CRITICAL - 2021-02-17 21:58:17 --> Undefined index: date_uploaded
#0 C:\xampp\htdocs\pt\app\Views\compro\videos.php(45): CodeIgniter\Debug\Exceptions->errorHandler(8, 'Undefined index...', 'C:\\xampp\\htdocs...', 45, Array)
#1 C:\xampp\htdocs\pt\system\View\View.php(220): include('C:\\xampp\\htdocs...')
#2 C:\xampp\htdocs\pt\system\View\View.php(222): CodeIgniter\View\View->CodeIgniter\View\{closure}()
#3 C:\xampp\htdocs\pt\system\Common.php(1217): CodeIgniter\View\View->render('compro/videos', Array, true)
#4 C:\xampp\htdocs\pt\app\Controllers\Admin.php(77): view('compro/videos', Array)
#5 C:\xampp\htdocs\pt\system\CodeIgniter.php(936): App\Controllers\Admin->videos()
#6 C:\xampp\htdocs\pt\system\CodeIgniter.php(432): CodeIgniter\CodeIgniter->runController(Object(App\Controllers\Admin))
#7 C:\xampp\htdocs\pt\system\CodeIgniter.php(333): CodeIgniter\CodeIgniter->handleRequest(NULL, Object(Config\Cache), false)
#8 C:\xampp\htdocs\pt\public\index.php(44): CodeIgniter\CodeIgniter->run()
#9 C:\xampp\htdocs\pt\system\Commands\Server\rewrite.php(45): require_once('C:\\xampp\\htdocs...')
#10 {main}
CRITICAL - 2021-02-17 21:58:28 --> Undefined index: date_uploaded
#0 C:\xampp\htdocs\pt\app\Views\compro\videos.php(45): CodeIgniter\Debug\Exceptions->errorHandler(8, 'Undefined index...', 'C:\\xampp\\htdocs...', 45, Array)
#1 C:\xampp\htdocs\pt\system\View\View.php(220): include('C:\\xampp\\htdocs...')
#2 C:\xampp\htdocs\pt\system\View\View.php(222): CodeIgniter\View\View->CodeIgniter\View\{closure}()
#3 C:\xampp\htdocs\pt\system\Common.php(1217): CodeIgniter\View\View->render('compro/videos', Array, true)
#4 C:\xampp\htdocs\pt\app\Controllers\Admin.php(77): view('compro/videos', Array)
#5 C:\xampp\htdocs\pt\system\CodeIgniter.php(936): App\Controllers\Admin->videos()
#6 C:\xampp\htdocs\pt\system\CodeIgniter.php(432): CodeIgniter\CodeIgniter->runController(Object(App\Controllers\Admin))
#7 C:\xampp\htdocs\pt\system\CodeIgniter.php(333): CodeIgniter\CodeIgniter->handleRequest(NULL, Object(Config\Cache), false)
#8 C:\xampp\htdocs\pt\public\index.php(44): CodeIgniter\CodeIgniter->run()
#9 C:\xampp\htdocs\pt\system\Commands\Server\rewrite.php(45): require_once('C:\\xampp\\htdocs...')
#10 {main}
CRITICAL - 2021-02-17 21:59:04 --> A non well formed numeric value encountered
#0 [internal function]: CodeIgniter\Debug\Exceptions->errorHandler(8, 'A non well form...', 'C:\\xampp\\htdocs...', 45, Array)
#1 C:\xampp\htdocs\pt\app\Views\compro\videos.php(45): date('d F Y', '0000-00-00')
#2 C:\xampp\htdocs\pt\system\View\View.php(220): include('C:\\xampp\\htdocs...')
#3 C:\xampp\htdocs\pt\system\View\View.php(222): CodeIgniter\View\View->CodeIgniter\View\{closure}()
#4 C:\xampp\htdocs\pt\system\Common.php(1217): CodeIgniter\View\View->render('compro/videos', Array, true)
#5 C:\xampp\htdocs\pt\app\Controllers\Admin.php(77): view('compro/videos', Array)
#6 C:\xampp\htdocs\pt\system\CodeIgniter.php(936): App\Controllers\Admin->videos()
#7 C:\xampp\htdocs\pt\system\CodeIgniter.php(432): CodeIgniter\CodeIgniter->runController(Object(App\Controllers\Admin))
#8 C:\xampp\htdocs\pt\system\CodeIgniter.php(333): CodeIgniter\CodeIgniter->handleRequest(NULL, Object(Config\Cache), false)
#9 C:\xampp\htdocs\pt\public\index.php(44): CodeIgniter\CodeIgniter->run()
#10 C:\xampp\htdocs\pt\system\Commands\Server\rewrite.php(45): require_once('C:\\xampp\\htdocs...')
#11 {main}
CRITICAL - 2021-02-17 22:00:32 --> Undefined index: date uploaded
#0 C:\xampp\htdocs\pt\app\Views\compro\videos.php(45): CodeIgniter\Debug\Exceptions->errorHandler(8, 'Undefined index...', 'C:\\xampp\\htdocs...', 45, Array)
#1 C:\xampp\htdocs\pt\system\View\View.php(220): include('C:\\xampp\\htdocs...')
#2 C:\xampp\htdocs\pt\system\View\View.php(222): CodeIgniter\View\View->CodeIgniter\View\{closure}()
#3 C:\xampp\htdocs\pt\system\Common.php(1217): CodeIgniter\View\View->render('compro/videos', Array, true)
#4 C:\xampp\htdocs\pt\app\Controllers\Admin.php(77): view('compro/videos', Array)
#5 C:\xampp\htdocs\pt\system\CodeIgniter.php(936): App\Controllers\Admin->videos()
#6 C:\xampp\htdocs\pt\system\CodeIgniter.php(432): CodeIgniter\CodeIgniter->runController(Object(App\Controllers\Admin))
#7 C:\xampp\htdocs\pt\system\CodeIgniter.php(333): CodeIgniter\CodeIgniter->handleRequest(NULL, Object(Config\Cache), false)
#8 C:\xampp\htdocs\pt\public\index.php(44): CodeIgniter\CodeIgniter->run()
#9 C:\xampp\htdocs\pt\system\Commands\Server\rewrite.php(45): require_once('C:\\xampp\\htdocs...')
#10 {main}
CRITICAL - 2021-02-17 22:08:06 --> Undefined index: date uploaded
#0 C:\xampp\htdocs\pt\app\Views\compro\videos.php(45): CodeIgniter\Debug\Exceptions->errorHandler(8, 'Undefined index...', 'C:\\xampp\\htdocs...', 45, Array)
#1 C:\xampp\htdocs\pt\system\View\View.php(220): include('C:\\xampp\\htdocs...')
#2 C:\xampp\htdocs\pt\system\View\View.php(222): CodeIgniter\View\View->CodeIgniter\View\{closure}()
#3 C:\xampp\htdocs\pt\system\Common.php(1217): CodeIgniter\View\View->render('compro/videos', Array, true)
#4 C:\xampp\htdocs\pt\app\Controllers\Admin.php(77): view('compro/videos', Array)
#5 C:\xampp\htdocs\pt\system\CodeIgniter.php(936): App\Controllers\Admin->videos()
#6 C:\xampp\htdocs\pt\system\CodeIgniter.php(432): CodeIgniter\CodeIgniter->runController(Object(App\Controllers\Admin))
#7 C:\xampp\htdocs\pt\system\CodeIgniter.php(333): CodeIgniter\CodeIgniter->handleRequest(NULL, Object(Config\Cache), false)
#8 C:\xampp\htdocs\pt\public\index.php(44): CodeIgniter\CodeIgniter->run()
#9 C:\xampp\htdocs\pt\system\Commands\Server\rewrite.php(45): require_once('C:\\xampp\\htdocs...')
#10 {main}
CRITICAL - 2021-02-17 22:08:27 --> Undefined index: date uploaded
#0 C:\xampp\htdocs\pt\app\Views\compro\videos.php(45): CodeIgniter\Debug\Exceptions->errorHandler(8, 'Undefined index...', 'C:\\xampp\\htdocs...', 45, Array)
#1 C:\xampp\htdocs\pt\system\View\View.php(220): include('C:\\xampp\\htdocs...')
#2 C:\xampp\htdocs\pt\system\View\View.php(222): CodeIgniter\View\View->CodeIgniter\View\{closure}()
#3 C:\xampp\htdocs\pt\system\Common.php(1217): CodeIgniter\View\View->render('compro/videos', Array, true)
#4 C:\xampp\htdocs\pt\app\Controllers\Admin.php(77): view('compro/videos', Array)
#5 C:\xampp\htdocs\pt\system\CodeIgniter.php(936): App\Controllers\Admin->videos()
#6 C:\xampp\htdocs\pt\system\CodeIgniter.php(432): CodeIgniter\CodeIgniter->runController(Object(App\Controllers\Admin))
#7 C:\xampp\htdocs\pt\system\CodeIgniter.php(333): CodeIgniter\CodeIgniter->handleRequest(NULL, Object(Config\Cache), false)
#8 C:\xampp\htdocs\pt\public\index.php(44): CodeIgniter\CodeIgniter->run()
#9 C:\xampp\htdocs\pt\system\Commands\Server\rewrite.php(45): require_once('C:\\xampp\\htdocs...')
#10 {main}
