CRITICAL - 2021-02-16 08:18:42 --> Undefined index: id
#0 /var/www/html/PKL/app/Controllers/Portofolio.php(62): CodeIgniter\Debug\Exceptions->errorHandler(8, 'Undefined index...', '/var/www/html/P...', 62, Array)
#1 /var/www/html/PKL/system/CodeIgniter.php(936): App\Controllers\Portofolio->delete('1')
#2 /var/www/html/PKL/system/CodeIgniter.php(432): CodeIgniter\CodeIgniter->runController(Object(App\Controllers\Portofolio))
#3 /var/www/html/PKL/system/CodeIgniter.php(333): CodeIgniter\CodeIgniter->handleRequest(NULL, Object(Config\Cache), false)
#4 /var/www/html/PKL/public/index.php(44): CodeIgniter\CodeIgniter->run()
#5 /var/www/html/PKL/system/Commands/Server/rewrite.php(45): require_once('/var/www/html/P...')
#6 {main}
CRITICAL - 2021-02-16 08:19:13 --> Undefined index: id
#0 /var/www/html/PKL/app/Controllers/Portofolio.php(62): CodeIgniter\Debug\Exceptions->errorHandler(8, 'Undefined index...', '/var/www/html/P...', 62, Array)
#1 /var/www/html/PKL/system/CodeIgniter.php(936): App\Controllers\Portofolio->delete('1')
#2 /var/www/html/PKL/system/CodeIgniter.php(432): CodeIgniter\CodeIgniter->runController(Object(App\Controllers\Portofolio))
#3 /var/www/html/PKL/system/CodeIgniter.php(333): CodeIgniter\CodeIgniter->handleRequest(NULL, Object(Config\Cache), false)
#4 /var/www/html/PKL/public/index.php(44): CodeIgniter\CodeIgniter->run()
#5 /var/www/html/PKL/system/Commands/Server/rewrite.php(45): require_once('/var/www/html/P...')
#6 {main}
CRITICAL - 2021-02-16 08:23:17 --> Call to undefined function App\Controllers\delete_files()
#0 /var/www/html/PKL/system/CodeIgniter.php(936): App\Controllers\Portofolio->delete('1')
#1 /var/www/html/PKL/system/CodeIgniter.php(432): CodeIgniter\CodeIgniter->runController(Object(App\Controllers\Portofolio))
#2 /var/www/html/PKL/system/CodeIgniter.php(333): CodeIgniter\CodeIgniter->handleRequest(NULL, Object(Config\Cache), false)
#3 /var/www/html/PKL/public/index.php(44): CodeIgniter\CodeIgniter->run()
#4 /var/www/html/PKL/system/Commands/Server/rewrite.php(45): require_once('/var/www/html/P...')
#5 {main}
CRITICAL - 2021-02-16 08:24:00 --> unlink(/var/www/html/PKL/public/uploads/porto/): Is a directory
#0 [internal function]: CodeIgniter\Debug\Exceptions->errorHandler(2, 'unlink(/var/www...', '/var/www/html/P...', 64, Array)
#1 /var/www/html/PKL/app/Controllers/Portofolio.php(64): unlink('/var/www/html/P...')
#2 /var/www/html/PKL/system/CodeIgniter.php(936): App\Controllers\Portofolio->delete('1')
#3 /var/www/html/PKL/system/CodeIgniter.php(432): CodeIgniter\CodeIgniter->runController(Object(App\Controllers\Portofolio))
#4 /var/www/html/PKL/system/CodeIgniter.php(333): CodeIgniter\CodeIgniter->handleRequest(NULL, Object(Config\Cache), false)
#5 /var/www/html/PKL/public/index.php(44): CodeIgniter\CodeIgniter->run()
#6 /var/www/html/PKL/system/Commands/Server/rewrite.php(45): require_once('/var/www/html/P...')
#7 {main}
CRITICAL - 2021-02-16 08:42:02 --> Too few arguments to function App\Controllers\Portofolio::update(), 0 passed in /var/www/html/PKL/system/CodeIgniter.php on line 936 and exactly 1 expected
#0 /var/www/html/PKL/system/CodeIgniter.php(936): App\Controllers\Portofolio->update()
#1 /var/www/html/PKL/system/CodeIgniter.php(432): CodeIgniter\CodeIgniter->runController(Object(App\Controllers\Portofolio))
#2 /var/www/html/PKL/system/CodeIgniter.php(333): CodeIgniter\CodeIgniter->handleRequest(NULL, Object(Config\Cache), false)
#3 /var/www/html/PKL/public/index.php(44): CodeIgniter\CodeIgniter->run()
#4 /var/www/html/PKL/system/Commands/Server/rewrite.php(45): require_once('/var/www/html/P...')
#5 {main}
CRITICAL - 2021-02-16 08:43:17 --> unlink(/var/www/html/PKL/public/uploads/porto/1. Nabil.pn): No such file or directory
#0 [internal function]: CodeIgniter\Debug\Exceptions->errorHandler(2, 'unlink(/var/www...', '/var/www/html/P...', 87, Array)
#1 /var/www/html/PKL/app/Controllers/Portofolio.php(87): unlink('/var/www/html/P...')
#2 /var/www/html/PKL/system/CodeIgniter.php(936): App\Controllers\Portofolio->update('3')
#3 /var/www/html/PKL/system/CodeIgniter.php(432): CodeIgniter\CodeIgniter->runController(Object(App\Controllers\Portofolio))
#4 /var/www/html/PKL/system/CodeIgniter.php(333): CodeIgniter\CodeIgniter->handleRequest(NULL, Object(Config\Cache), false)
#5 /var/www/html/PKL/public/index.php(44): CodeIgniter\CodeIgniter->run()
#6 /var/www/html/PKL/system/Commands/Server/rewrite.php(45): require_once('/var/www/html/P...')
#7 {main}
CRITICAL - 2021-02-16 08:43:41 --> There is no data to update.
#0 /var/www/html/PKL/system/BaseModel.php(1682): CodeIgniter\Database\Exceptions\DataException::forEmptyDataset('update')
#1 /var/www/html/PKL/system/BaseModel.php(864): CodeIgniter\BaseModel->transformDataToArray(NULL, 'update')
#2 /var/www/html/PKL/system/Model.php(737): CodeIgniter\BaseModel->update(Array, NULL)
#3 /var/www/html/PKL/app/Controllers/Portofolio.php(97): CodeIgniter\Model->update(Array)
#4 /var/www/html/PKL/system/CodeIgniter.php(936): App\Controllers\Portofolio->update('3')
#5 /var/www/html/PKL/system/CodeIgniter.php(432): CodeIgniter\CodeIgniter->runController(Object(App\Controllers\Portofolio))
#6 /var/www/html/PKL/system/CodeIgniter.php(333): CodeIgniter\CodeIgniter->handleRequest(NULL, Object(Config\Cache), false)
#7 /var/www/html/PKL/public/index.php(44): CodeIgniter\CodeIgniter->run()
#8 /var/www/html/PKL/system/Commands/Server/rewrite.php(45): require_once('/var/www/html/P...')
#9 {main}
CRITICAL - 2021-02-16 08:45:06 --> There is no data to update.
#0 /var/www/html/PKL/system/BaseModel.php(1682): CodeIgniter\Database\Exceptions\DataException::forEmptyDataset('update')
#1 /var/www/html/PKL/system/BaseModel.php(864): CodeIgniter\BaseModel->transformDataToArray(NULL, 'update')
#2 /var/www/html/PKL/system/Model.php(737): CodeIgniter\BaseModel->update(Array, NULL)
#3 /var/www/html/PKL/app/Controllers/Portofolio.php(103): CodeIgniter\Model->update(Array)
#4 /var/www/html/PKL/system/CodeIgniter.php(936): App\Controllers\Portofolio->update('3')
#5 /var/www/html/PKL/system/CodeIgniter.php(432): CodeIgniter\CodeIgniter->runController(Object(App\Controllers\Portofolio))
#6 /var/www/html/PKL/system/CodeIgniter.php(333): CodeIgniter\CodeIgniter->handleRequest(NULL, Object(Config\Cache), false)
#7 /var/www/html/PKL/public/index.php(44): CodeIgniter\CodeIgniter->run()
#8 /var/www/html/PKL/system/Commands/Server/rewrite.php(45): require_once('/var/www/html/P...')
#9 {main}
CRITICAL - 2021-02-16 08:49:09 --> unlink(/var/www/html/PKL/public/uploads/porto/1. Nabil.png): No such file or directory
#0 [internal function]: CodeIgniter\Debug\Exceptions->errorHandler(2, 'unlink(/var/www...', '/var/www/html/P...', 93, Array)
#1 /var/www/html/PKL/app/Controllers/Portofolio.php(93): unlink('/var/www/html/P...')
#2 /var/www/html/PKL/system/CodeIgniter.php(936): App\Controllers\Portofolio->update('3')
#3 /var/www/html/PKL/system/CodeIgniter.php(432): CodeIgniter\CodeIgniter->runController(Object(App\Controllers\Portofolio))
#4 /var/www/html/PKL/system/CodeIgniter.php(333): CodeIgniter\CodeIgniter->handleRequest(NULL, Object(Config\Cache), false)
#5 /var/www/html/PKL/public/index.php(44): CodeIgniter\CodeIgniter->run()
#6 /var/www/html/PKL/system/Commands/Server/rewrite.php(45): require_once('/var/www/html/P...')
#7 {main}
