CRITICAL - 2021-02-11 09:59:38 --> Invalid file: compro/addportofolo.php
#0 /var/www/html/PKL/system/View/View.php(203): CodeIgniter\Exceptions\FrameworkException::forInvalidFile('compro/addporto...')
#1 /var/www/html/PKL/system/Common.php(1217): CodeIgniter\View\View->render('compro/addporto...', Array, true)
#2 /var/www/html/PKL/app/Controllers/Portofolio.php(25): view('compro/addporto...', Array)
#3 /var/www/html/PKL/app/Controllers/Portofolio.php(38): App\Controllers\Portofolio->index()
#4 /var/www/html/PKL/system/CodeIgniter.php(936): App\Controllers\Portofolio->save()
#5 /var/www/html/PKL/system/CodeIgniter.php(432): CodeIgniter\CodeIgniter->runController(Object(App\Controllers\Portofolio))
#6 /var/www/html/PKL/system/CodeIgniter.php(333): CodeIgniter\CodeIgniter->handleRequest(NULL, Object(Config\Cache), false)
#7 /var/www/html/PKL/public/index.php(44): CodeIgniter\CodeIgniter->run()
#8 /var/www/html/PKL/system/Commands/Server/rewrite.php(45): require_once('/var/www/html/P...')
#9 {main}
CRITICAL - 2021-02-11 10:05:24 --> Could not move file phpoUMARH to /var/www/html/PKL/public/uploads/porto/ ()
#0 /var/www/html/PKL/system/HTTP/Files/UploadedFile.php(157): CodeIgniter\HTTP\Exceptions\HTTPException::forMoveFailed('phpoUMARH', '/var/www/html/P...', '')
#1 /var/www/html/PKL/app/Controllers/Portofolio.php(46): CodeIgniter\HTTP\Files\UploadedFile->move('/var/www/html/P...', '/tmp/phpoUMARH')
#2 /var/www/html/PKL/system/CodeIgniter.php(936): App\Controllers\Portofolio->save()
#3 /var/www/html/PKL/system/CodeIgniter.php(432): CodeIgniter\CodeIgniter->runController(Object(App\Controllers\Portofolio))
#4 /var/www/html/PKL/system/CodeIgniter.php(333): CodeIgniter\CodeIgniter->handleRequest(NULL, Object(Config\Cache), false)
#5 /var/www/html/PKL/public/index.php(44): CodeIgniter\CodeIgniter->run()
#6 /var/www/html/PKL/system/Commands/Server/rewrite.php(45): require_once('/var/www/html/P...')
#7 {main}
CRITICAL - 2021-02-11 10:06:42 --> Could not move file phpCUtRVB to /var/www/html/PKL/public/uploads/porto/ ()
#0 /var/www/html/PKL/system/HTTP/Files/UploadedFile.php(157): CodeIgniter\HTTP\Exceptions\HTTPException::forMoveFailed('phpCUtRVB', '/var/www/html/P...', '')
#1 /var/www/html/PKL/app/Controllers/Portofolio.php(46): CodeIgniter\HTTP\Files\UploadedFile->move('/var/www/html/P...', '/tmp/phpCUtRVB')
#2 /var/www/html/PKL/system/CodeIgniter.php(936): App\Controllers\Portofolio->save()
#3 /var/www/html/PKL/system/CodeIgniter.php(432): CodeIgniter\CodeIgniter->runController(Object(App\Controllers\Portofolio))
#4 /var/www/html/PKL/system/CodeIgniter.php(333): CodeIgniter\CodeIgniter->handleRequest(NULL, Object(Config\Cache), false)
#5 /var/www/html/PKL/public/index.php(44): CodeIgniter\CodeIgniter->run()
#6 /var/www/html/PKL/system/Commands/Server/rewrite.php(45): require_once('/var/www/html/P...')
#7 {main}
CRITICAL - 2021-02-11 10:09:42 --> Could not move file phpWJ3AD3 to /var/www/html/PKL/public/uploads/porto/ ()
#0 /var/www/html/PKL/system/HTTP/Files/UploadedFile.php(157): CodeIgniter\HTTP\Exceptions\HTTPException::forMoveFailed('phpWJ3AD3', '/var/www/html/P...', '')
#1 /var/www/html/PKL/app/Controllers/Portofolio.php(46): CodeIgniter\HTTP\Files\UploadedFile->move('/var/www/html/P...', '/tmp/phpWJ3AD3')
#2 /var/www/html/PKL/system/CodeIgniter.php(936): App\Controllers\Portofolio->save()
#3 /var/www/html/PKL/system/CodeIgniter.php(432): CodeIgniter\CodeIgniter->runController(Object(App\Controllers\Portofolio))
#4 /var/www/html/PKL/system/CodeIgniter.php(333): CodeIgniter\CodeIgniter->handleRequest(NULL, Object(Config\Cache), false)
#5 /var/www/html/PKL/public/index.php(44): CodeIgniter\CodeIgniter->run()
#6 /var/www/html/PKL/system/Commands/Server/rewrite.php(45): require_once('/var/www/html/P...')
#7 {main}
CRITICAL - 2021-02-11 10:11:28 --> Could not move file phpuSr7hM to /var/www/html/PKL/writable/public/uploads/porto/ ()
#0 /var/www/html/PKL/system/HTTP/Files/UploadedFile.php(157): CodeIgniter\HTTP\Exceptions\HTTPException::forMoveFailed('phpuSr7hM', '/var/www/html/P...', '')
#1 /var/www/html/PKL/app/Controllers/Portofolio.php(46): CodeIgniter\HTTP\Files\UploadedFile->move('/var/www/html/P...', '/tmp/phpuSr7hM')
#2 /var/www/html/PKL/system/CodeIgniter.php(936): App\Controllers\Portofolio->save()
#3 /var/www/html/PKL/system/CodeIgniter.php(432): CodeIgniter\CodeIgniter->runController(Object(App\Controllers\Portofolio))
#4 /var/www/html/PKL/system/CodeIgniter.php(333): CodeIgniter\CodeIgniter->handleRequest(NULL, Object(Config\Cache), false)
#5 /var/www/html/PKL/public/index.php(44): CodeIgniter\CodeIgniter->run()
#6 /var/www/html/PKL/system/Commands/Server/rewrite.php(45): require_once('/var/www/html/P...')
#7 {main}
CRITICAL - 2021-02-11 10:29:46 --> Call to a member function getResultArray() on array
#0 /var/www/html/PKL/system/CodeIgniter.php(936): App\Controllers\Admin->portofolio()
#1 /var/www/html/PKL/system/CodeIgniter.php(432): CodeIgniter\CodeIgniter->runController(Object(App\Controllers\Admin))
#2 /var/www/html/PKL/system/CodeIgniter.php(333): CodeIgniter\CodeIgniter->handleRequest(NULL, Object(Config\Cache), false)
#3 /var/www/html/PKL/public/index.php(44): CodeIgniter\CodeIgniter->run()
#4 /var/www/html/PKL/system/Commands/Server/rewrite.php(45): require_once('/var/www/html/P...')
#5 {main}
