CRITICAL - 2021-03-16 06:01:11 --> Undefined variable: profile
#0 /var/www/html/PKL/app/Views/user/absensi/index.php(12): CodeIgniter\Debug\Exceptions->errorHandler(8, 'Undefined varia...', '/var/www/html/P...', 12, Array)
#1 /var/www/html/PKL/system/View/View.php(220): include('/var/www/html/P...')
#2 /var/www/html/PKL/system/View/View.php(222): CodeIgniter\View\View->CodeIgniter\View\{closure}()
#3 /var/www/html/PKL/system/Common.php(1217): CodeIgniter\View\View->render('user/absensi/in...', Array, true)
#4 /var/www/html/PKL/app/Controllers/Absensi.php(14): view('user/absensi/in...', Array)
#5 /var/www/html/PKL/system/CodeIgniter.php(936): App\Controllers\Absensi->index()
#6 /var/www/html/PKL/system/CodeIgniter.php(432): CodeIgniter\CodeIgniter->runController(Object(App\Controllers\Absensi))
#7 /var/www/html/PKL/system/CodeIgniter.php(333): CodeIgniter\CodeIgniter->handleRequest(NULL, Object(Config\Cache), false)
#8 /var/www/html/PKL/public/index.php(44): CodeIgniter\CodeIgniter->run()
#9 /var/www/html/PKL/system/Commands/Server/rewrite.php(45): require_once('/var/www/html/P...')
#10 {main}
CRITICAL - 2021-03-16 06:01:47 --> Undefined variable: profile
#0 /var/www/html/PKL/app/Views/user/absensi/index.php(30): CodeIgniter\Debug\Exceptions->errorHandler(8, 'Undefined varia...', '/var/www/html/P...', 30, Array)
#1 /var/www/html/PKL/system/View/View.php(220): include('/var/www/html/P...')
#2 /var/www/html/PKL/system/View/View.php(222): CodeIgniter\View\View->CodeIgniter\View\{closure}()
#3 /var/www/html/PKL/system/Common.php(1217): CodeIgniter\View\View->render('user/absensi/in...', Array, true)
#4 /var/www/html/PKL/app/Controllers/Absensi.php(14): view('user/absensi/in...', Array)
#5 /var/www/html/PKL/system/CodeIgniter.php(936): App\Controllers\Absensi->index()
#6 /var/www/html/PKL/system/CodeIgniter.php(432): CodeIgniter\CodeIgniter->runController(Object(App\Controllers\Absensi))
#7 /var/www/html/PKL/system/CodeIgniter.php(333): CodeIgniter\CodeIgniter->handleRequest(NULL, Object(Config\Cache), false)
#8 /var/www/html/PKL/public/index.php(44): CodeIgniter\CodeIgniter->run()
#9 /var/www/html/PKL/system/Commands/Server/rewrite.php(45): require_once('/var/www/html/P...')
#10 {main}
CRITICAL - 2021-03-16 07:29:31 --> Undefined index: nip
#0 /var/www/html/PKL/app/Views/user/absensi/index.php(44): CodeIgniter\Debug\Exceptions->errorHandler(8, 'Undefined index...', '/var/www/html/P...', 44, Array)
#1 /var/www/html/PKL/system/View/View.php(220): include('/var/www/html/P...')
#2 /var/www/html/PKL/system/View/View.php(222): CodeIgniter\View\View->CodeIgniter\View\{closure}()
#3 /var/www/html/PKL/system/Common.php(1217): CodeIgniter\View\View->render('user/absensi/in...', Array, true)
#4 /var/www/html/PKL/app/Controllers/Absensi.php(16): view('user/absensi/in...', Array)
#5 /var/www/html/PKL/system/CodeIgniter.php(936): App\Controllers\Absensi->index()
#6 /var/www/html/PKL/system/CodeIgniter.php(432): CodeIgniter\CodeIgniter->runController(Object(App\Controllers\Absensi))
#7 /var/www/html/PKL/system/CodeIgniter.php(333): CodeIgniter\CodeIgniter->handleRequest(NULL, Object(Config\Cache), false)
#8 /var/www/html/PKL/public/index.php(44): CodeIgniter\CodeIgniter->run()
#9 /var/www/html/PKL/system/Commands/Server/rewrite.php(45): require_once('/var/www/html/P...')
#10 {main}
ERROR - 2021-03-16 07:50:30 --> mysqli_sql_exception: You have an error in your SQL syntax; check the manual that corresponds to your MariaDB server version for the right syntax to use near '.`nip`
FROM `user`
JOIN `pegawai` ON `pegawai`.`id_pegawai` = `user`.`id_pega...' at line 1 in /var/www/html/PKL/system/Database/MySQLi/Connection.php:314
Stack trace:
#0 /var/www/html/PKL/system/Database/MySQLi/Connection.php(314): mysqli->query('SELECT `pegawai...')
#1 /var/www/html/PKL/system/Database/BaseConnection.php(713): CodeIgniter\Database\MySQLi\Connection->execute('SELECT `pegawai...')
#2 /var/www/html/PKL/system/Database/BaseConnection.php(641): CodeIgniter\Database\BaseConnection->simpleQuery('SELECT `pegawai...')
#3 /var/www/html/PKL/system/Database/BaseBuilder.php(1866): CodeIgniter\Database\BaseConnection->query('SELECT `pegawai...', Array, false)
#4 /var/www/html/PKL/system/Model.php(836): CodeIgniter\Database\BaseBuilder->get()
#5 /var/www/html/PKL/app/Controllers/Absensi.php(10): CodeIgniter\Model->__call('get', Array)
#6 /var/www/html/PKL/system/CodeIgniter.php(936): App\Controllers\Absensi->index()
#7 /var/www/html/PKL/system/CodeIgniter.php(432): CodeIgniter\CodeIgniter->runController(Object(App\Controllers\Absensi))
#8 /var/www/html/PKL/system/CodeIgniter.php(333): CodeIgniter\CodeIgniter->handleRequest(NULL, Object(Config\Cache), false)
#9 /var/www/html/PKL/public/index.php(44): CodeIgniter\CodeIgniter->run()
#10 /var/www/html/PKL/system/Commands/Server/rewrite.php(45): require_once('/var/www/html/P...')
#11 {main}
CRITICAL - 2021-03-16 07:50:30 --> You have an error in your SQL syntax; check the manual that corresponds to your MariaDB server version for the right syntax to use near '.`nip`
FROM `user`
JOIN `pegawai` ON `pegawai`.`id_pegawai` = `user`.`id_pega...' at line 1
#0 /var/www/html/PKL/system/Database/MySQLi/Connection.php(314): mysqli->query('SELECT `pegawai...')
#1 /var/www/html/PKL/system/Database/BaseConnection.php(713): CodeIgniter\Database\MySQLi\Connection->execute('SELECT `pegawai...')
#2 /var/www/html/PKL/system/Database/BaseConnection.php(641): CodeIgniter\Database\BaseConnection->simpleQuery('SELECT `pegawai...')
#3 /var/www/html/PKL/system/Database/BaseBuilder.php(1866): CodeIgniter\Database\BaseConnection->query('SELECT `pegawai...', Array, false)
#4 /var/www/html/PKL/system/Model.php(836): CodeIgniter\Database\BaseBuilder->get()
#5 /var/www/html/PKL/app/Controllers/Absensi.php(10): CodeIgniter\Model->__call('get', Array)
#6 /var/www/html/PKL/system/CodeIgniter.php(936): App\Controllers\Absensi->index()
#7 /var/www/html/PKL/system/CodeIgniter.php(432): CodeIgniter\CodeIgniter->runController(Object(App\Controllers\Absensi))
#8 /var/www/html/PKL/system/CodeIgniter.php(333): CodeIgniter\CodeIgniter->handleRequest(NULL, Object(Config\Cache), false)
#9 /var/www/html/PKL/public/index.php(44): CodeIgniter\CodeIgniter->run()
#10 /var/www/html/PKL/system/Commands/Server/rewrite.php(45): require_once('/var/www/html/P...')
#11 {main}
CRITICAL - 2021-03-16 10:50:15 --> Undefined property: App\Controllers\Absensi::$AbsensiModel
#0 /var/www/html/PKL/app/Controllers/Absensi.php(67): CodeIgniter\Debug\Exceptions->errorHandler(8, 'Undefined prope...', '/var/www/html/P...', 67, Array)
#1 /var/www/html/PKL/system/CodeIgniter.php(936): App\Controllers\Absensi->submit()
#2 /var/www/html/PKL/system/CodeIgniter.php(432): CodeIgniter\CodeIgniter->runController(Object(App\Controllers\Absensi))
#3 /var/www/html/PKL/system/CodeIgniter.php(333): CodeIgniter\CodeIgniter->handleRequest(NULL, Object(Config\Cache), false)
#4 /var/www/html/PKL/public/index.php(44): CodeIgniter\CodeIgniter->run()
#5 /var/www/html/PKL/system/Commands/Server/rewrite.php(45): require_once('/var/www/html/P...')
#6 {main}
CRITICAL - 2021-03-16 11:22:41 --> Undefined variable: request
#0 /var/www/html/PKL/app/Controllers/Absensi.php(11): CodeIgniter\Debug\Exceptions->errorHandler(8, 'Undefined varia...', '/var/www/html/P...', 11, Array)
#1 /var/www/html/PKL/system/CodeIgniter.php(936): App\Controllers\Absensi->index()
#2 /var/www/html/PKL/system/CodeIgniter.php(432): CodeIgniter\CodeIgniter->runController(Object(App\Controllers\Absensi))
#3 /var/www/html/PKL/system/CodeIgniter.php(333): CodeIgniter\CodeIgniter->handleRequest(NULL, Object(Config\Cache), false)
#4 /var/www/html/PKL/public/index.php(44): CodeIgniter\CodeIgniter->run()
#5 /var/www/html/PKL/system/Commands/Server/rewrite.php(45): require_once('/var/www/html/P...')
#6 {main}
CRITICAL - 2021-03-16 13:03:35 --> file_put_contents(/var/www/html/PKL/public//assets/images/foto/2021-03-16_1817051002.jpg): failed to open stream: No such file or directory
#0 [internal function]: CodeIgniter\Debug\Exceptions->errorHandler(2, 'file_put_conten...', '/var/www/html/P...', 84, Array)
#1 /var/www/html/PKL/app/Controllers/Absensi.php(84): file_put_contents('/var/www/html/P...', '\xFF\xD8\xFF\xE0\x00\x10JFIF\x00\x01\x01\x00\x00...')
#2 /var/www/html/PKL/system/CodeIgniter.php(936): App\Controllers\Absensi->submit()
#3 /var/www/html/PKL/system/CodeIgniter.php(432): CodeIgniter\CodeIgniter->runController(Object(App\Controllers\Absensi))
#4 /var/www/html/PKL/system/CodeIgniter.php(333): CodeIgniter\CodeIgniter->handleRequest(NULL, Object(Config\Cache), false)
#5 /var/www/html/PKL/public/index.php(44): CodeIgniter\CodeIgniter->run()
#6 /var/www/html/PKL/system/Commands/Server/rewrite.php(45): require_once('/var/www/html/P...')
#7 {main}
CRITICAL - 2021-03-16 13:03:35 --> Uncaught CodeIgniter\Format\Exceptions\FormatException: Failed to parse json string, error: "Malformed UTF-8 characters, possibly incorrectly encoded". in /var/www/html/PKL/system/Format/JSONFormatter.php:42
Stack trace:
#0 /var/www/html/PKL/system/Format/JSONFormatter.php(42): CodeIgniter\Format\Exceptions\FormatException::forInvalidJSON('Malformed UTF-8...')
#1 /var/www/html/PKL/system/API/ResponseTrait.php(407): CodeIgniter\Format\JSONFormatter->format(Array)
#2 /var/www/html/PKL/system/API/ResponseTrait.php(114): CodeIgniter\Debug\Exceptions->format(Array)
#3 /var/www/html/PKL/system/Debug/Exceptions.php(141): CodeIgniter\Debug\Exceptions->respond(Array, 500)
#4 [internal function]: CodeIgniter\Debug\Exceptions->exceptionHandler(Object(ErrorException))
#5 {main}
  thrown
#0 [internal function]: CodeIgniter\Debug\Exceptions->shutdownHandler()
#1 {main}
CRITICAL - 2021-03-16 16:58:34 --> Undefined variable: jumlahpegawai
#0 /var/www/html/PKL/app/Views/user/absensi/laporan/index.php(11): CodeIgniter\Debug\Exceptions->errorHandler(8, 'Undefined varia...', '/var/www/html/P...', 11, Array)
#1 /var/www/html/PKL/system/View/View.php(220): include('/var/www/html/P...')
#2 /var/www/html/PKL/system/View/View.php(222): CodeIgniter\View\View->CodeIgniter\View\{closure}()
#3 /var/www/html/PKL/system/Common.php(1217): CodeIgniter\View\View->render('user/absensi/la...', Array, true)
#4 /var/www/html/PKL/app/Controllers/Absensi.php(119): view('user/absensi/la...', Array)
#5 /var/www/html/PKL/system/CodeIgniter.php(936): App\Controllers\Absensi->laporan()
#6 /var/www/html/PKL/system/CodeIgniter.php(432): CodeIgniter\CodeIgniter->runController(Object(App\Controllers\Absensi))
#7 /var/www/html/PKL/system/CodeIgniter.php(333): CodeIgniter\CodeIgniter->handleRequest(NULL, Object(Config\Cache), false)
#8 /var/www/html/PKL/public/index.php(44): CodeIgniter\CodeIgniter->run()
#9 /var/www/html/PKL/system/Commands/Server/rewrite.php(45): require_once('/var/www/html/P...')
#10 {main}
CRITICAL - 2021-03-16 17:48:28 --> Too few arguments to function CodeIgniter\Database\BaseConnection::query(), 0 passed in /var/www/html/PKL/system/BaseModel.php on line 1772 and at least 1 expected
#0 /var/www/html/PKL/system/BaseModel.php(1772): CodeIgniter\Database\BaseConnection->query()
#1 /var/www/html/PKL/system/Model.php(832): CodeIgniter\BaseModel->__call('query', Array)
#2 /var/www/html/PKL/app/Controllers/Absensi.php(116): CodeIgniter\Model->__call('query', Array)
#3 /var/www/html/PKL/system/CodeIgniter.php(936): App\Controllers\Absensi->laporan()
#4 /var/www/html/PKL/system/CodeIgniter.php(432): CodeIgniter\CodeIgniter->runController(Object(App\Controllers\Absensi))
#5 /var/www/html/PKL/system/CodeIgniter.php(333): CodeIgniter\CodeIgniter->handleRequest(NULL, Object(Config\Cache), false)
#6 /var/www/html/PKL/public/index.php(44): CodeIgniter\CodeIgniter->run()
#7 /var/www/html/PKL/system/Commands/Server/rewrite.php(45): require_once('/var/www/html/P...')
#8 {main}
CRITICAL - 2021-03-16 17:49:08 --> Too few arguments to function CodeIgniter\Database\BaseConnection::query(), 0 passed in /var/www/html/PKL/app/Controllers/Absensi.php on line 116 and at least 1 expected
#0 /var/www/html/PKL/app/Controllers/Absensi.php(116): CodeIgniter\Database\BaseConnection->query()
#1 /var/www/html/PKL/system/CodeIgniter.php(936): App\Controllers\Absensi->laporan()
#2 /var/www/html/PKL/system/CodeIgniter.php(432): CodeIgniter\CodeIgniter->runController(Object(App\Controllers\Absensi))
#3 /var/www/html/PKL/system/CodeIgniter.php(333): CodeIgniter\CodeIgniter->handleRequest(NULL, Object(Config\Cache), false)
#4 /var/www/html/PKL/public/index.php(44): CodeIgniter\CodeIgniter->run()
#5 /var/www/html/PKL/system/Commands/Server/rewrite.php(45): require_once('/var/www/html/P...')
#6 {main}
