CRITICAL - 2021-02-08 01:55:09 --> Invalid file: admin/addportofolio.php
#0 /var/www/html/PKL/system/View/View.php(203): CodeIgniter\Exceptions\FrameworkException::forInvalidFile('admin/addportof...')
#1 /var/www/html/PKL/system/Common.php(1217): CodeIgniter\View\View->render('admin/addportof...', Array, true)
#2 /var/www/html/PKL/app/Controllers/Portofolio.php(25): view('admin/addportof...', Array)
#3 /var/www/html/PKL/system/CodeIgniter.php(936): App\Controllers\Portofolio->index()
#4 /var/www/html/PKL/system/CodeIgniter.php(432): CodeIgniter\CodeIgniter->runController(Object(App\Controllers\Portofolio))
#5 /var/www/html/PKL/system/CodeIgniter.php(333): CodeIgniter\CodeIgniter->handleRequest(NULL, Object(Config\Cache), false)
#6 /var/www/html/PKL/public/index.php(44): CodeIgniter\CodeIgniter->run()
#7 /var/www/html/PKL/system/Commands/Server/rewrite.php(45): require_once('/var/www/html/P...')
#8 {main}
ERROR - 2021-02-08 02:34:33 --> Error connecting to the database: Access denied for user '****'@'localhost' (using password: YES)
CRITICAL - 2021-02-08 02:34:33 --> Unable to connect to the database.
#0 D:\Program Files\xampp\htdocs\PKL\system\Database\BaseConnection.php(618): CodeIgniter\Database\BaseConnection->initialize()
#1 D:\Program Files\xampp\htdocs\PKL\system\Database\BaseBuilder.php(1866): CodeIgniter\Database\BaseConnection->query('SELECT *\nFROM `...', Array, false)
#2 D:\Program Files\xampp\htdocs\PKL\system\Model.php(836): CodeIgniter\Database\BaseBuilder->get()
#3 D:\Program Files\xampp\htdocs\PKL\app\Models\UserModel.php(15): CodeIgniter\Model->__call('get', Array)
#4 D:\Program Files\xampp\htdocs\PKL\app\Controllers\Auth.php(34): App\Models\UserModel->getLogin('admin')
#5 D:\Program Files\xampp\htdocs\PKL\system\CodeIgniter.php(936): App\Controllers\Auth->login()
#6 D:\Program Files\xampp\htdocs\PKL\system\CodeIgniter.php(432): CodeIgniter\CodeIgniter->runController(Object(App\Controllers\Auth))
#7 D:\Program Files\xampp\htdocs\PKL\system\CodeIgniter.php(333): CodeIgniter\CodeIgniter->handleRequest(NULL, Object(Config\Cache), false)
#8 D:\Program Files\xampp\htdocs\PKL\public\index.php(44): CodeIgniter\CodeIgniter->run()
#9 D:\Program Files\xampp\htdocs\PKL\system\Commands\Server\rewrite.php(45): require_once('D:\\Program File...')
#10 {main}
