ERROR - 2021-02-25 11:34:27 --> Error connecting to the database: Access denied for user '****'@'localhost' (using password: NO)
CRITICAL - 2021-02-25 11:34:27 --> Unable to connect to the database.
#0 /var/www/html/PKL/system/Database/BaseConnection.php(618): CodeIgniter\Database\BaseConnection->initialize()
#1 /var/www/html/PKL/system/Database/BaseBuilder.php(1866): CodeIgniter\Database\BaseConnection->query('SELECT *\nFROM `...', Array, false)
#2 /var/www/html/PKL/system/Model.php(836): CodeIgniter\Database\BaseBuilder->get()
#3 /var/www/html/PKL/app/Models/UserModel.php(15): CodeIgniter\Model->__call('get', Array)
#4 /var/www/html/PKL/app/Controllers/Auth.php(34): App\Models\UserModel->getLogin('admin')
#5 /var/www/html/PKL/system/CodeIgniter.php(936): App\Controllers\Auth->login()
#6 /var/www/html/PKL/system/CodeIgniter.php(432): CodeIgniter\CodeIgniter->runController(Object(App\Controllers\Auth))
#7 /var/www/html/PKL/system/CodeIgniter.php(333): CodeIgniter\CodeIgniter->handleRequest(NULL, Object(Config\Cache), false)
#8 /var/www/html/PKL/public/index.php(44): CodeIgniter\CodeIgniter->run()
#9 /var/www/html/PKL/system/Commands/Server/rewrite.php(45): require_once('/var/www/html/P...')
#10 {main}
CRITICAL - 2021-02-25 11:34:27 --> Uncaught ErrorException: print_r(): Property access is not allowed yet in /var/www/html/PKL/app/Views/errors/html/error_exception.php:100
Stack trace:
#0 [internal function]: CodeIgniter\Debug\Exceptions->errorHandler(2, 'print_r(): Prop...', '/var/www/html/P...', 100, Array)
#1 /var/www/html/PKL/app/Views/errors/html/error_exception.php(100): print_r(Object(App\Controllers\Auth), true)
#2 /var/www/html/PKL/system/Debug/Exceptions.php(281): include('/var/www/html/P...')
#3 /var/www/html/PKL/system/Debug/Exceptions.php(147): CodeIgniter\Debug\Exceptions->render(Object(CodeIgniter\Database\Exceptions\DatabaseException), 500)
#4 [internal function]: CodeIgniter\Debug\Exceptions->exceptionHandler(Object(CodeIgniter\Database\Exceptions\DatabaseException))
#5 {main}
  thrown
#0 [internal function]: CodeIgniter\Debug\Exceptions->shutdownHandler()
#1 {main}
CRITICAL - 2021-02-25 12:38:33 --> Undefined property: App\Controllers\Web::$portofolioModel
#0 /var/www/html/PKL/app/Controllers/Web.php(47): CodeIgniter\Debug\Exceptions->errorHandler(8, 'Undefined prope...', '/var/www/html/P...', 47, Array)
#1 /var/www/html/PKL/system/CodeIgniter.php(936): App\Controllers\Web->update('1')
#2 /var/www/html/PKL/system/CodeIgniter.php(432): CodeIgniter\CodeIgniter->runController(Object(App\Controllers\Web))
#3 /var/www/html/PKL/system/CodeIgniter.php(333): CodeIgniter\CodeIgniter->handleRequest(NULL, Object(Config\Cache), false)
#4 /var/www/html/PKL/public/index.php(44): CodeIgniter\CodeIgniter->run()
#5 /var/www/html/PKL/system/Commands/Server/rewrite.php(45): require_once('/var/www/html/P...')
#6 {main}
